<?xml version="1.0" encoding="UTF-8"?>
<!-- Generated by org.testng.reporters.JUnitReportReporter -->
<testsuite hostname="LAPTOP-2SUCPHE7" failures="0" tests="1" name="LearnMaven.LearnMaven.TestMaven" time="0.011" errors="0" timestamp="19 Jun 2020 08:48:32 GMT" skipped="0">
  <testcase classname="LearnMaven.LearnMaven.TestMaven" name="testMavenMethodExecute" time="0.011"/>
</testsuite> <!-- LearnMaven.LearnMaven.TestMaven -->
